         164.gzip.graphic-ref.eio.gz.out	1.423400
             164.gzip.log-ref.eio.gz.out	1.527300
         164.gzip.program-ref.eio.gz.out	1.658800
          164.gzip.random-ref.eio.gz.out	2.144400
          164.gzip.source-ref.eio.gz.out	1.442700
         168.wupwise.spec_ref.eio.gz.out	1.280000
            171.swim.spec_ref.eio.gz.out	0.606500
           172.mgrid.spec_ref.eio.gz.out	1.090500
           173.applu.spec_ref.eio.gz.out	0.458400
            175.vpr.route-ref.eio.gz.out	0.550900
           176.gcc.00-166-ref.eio.gz.out	1.834400
           176.gcc.00-200-ref.eio.gz.out	1.750200
          176.gcc.00-expr-ref.eio.gz.out	1.275800
     176.gcc.00-integrate-ref.eio.gz.out	1.835700
        176.gcc.00-scilab-ref.eio.gz.out	2.481500
            177.mesa.spec_ref.eio.gz.out	0.951700
          178.galgel.spec_ref.eio.gz.out	0.576600
              179.art.110-ref.eio.gz.out	0.217300
              179.art.470-ref.eio.gz.out	0.185600
             181.mcf.spec_ref.eio.gz.out	0.161500
          183.equake.spec_ref.eio.gz.out	0.296600
          186.crafty.spec_ref.eio.gz.out	1.527800
         187.facerec.spec_ref.eio.gz.out	1.237600
            188.ammp.spec_ref.eio.gz.out	0.546200
           189.lucas.spec_ref.eio.gz.out	0.911700
           191.fma3d.spec_ref.eio.gz.out	1.191100
          197.parser.spec_ref.eio.gz.out	0.629600
        200.sixtrack.spec_ref.eio.gz.out	1.804700
             252.eon.cook-ref.eio.gz.out	1.826000
           252.eon.kajiya-ref.eio.gz.out	1.862100
        252.eon.rushmeier-ref.eio.gz.out	1.931700
     253.perlbmk.diffmail-ref.eio.gz.out	1.262400
     253.perlbmk.makerand-ref.eio.gz.out	1.878200
      253.perlbmk.perfect-ref.eio.gz.out	2.215700
             254.gap.spec_ref.eio.gz.out	2.002000
           255.vortex.one-ref.eio.gz.out	1.177300
         255.vortex.three-ref.eio.gz.out	0.836300
           255.vortex.two-ref.eio.gz.out	1.167100
        256.bzip2.graphic-ref.eio.gz.out	2.719500
        256.bzip2.program-ref.eio.gz.out	1.455300
         256.bzip2.source-ref.eio.gz.out	1.864900
           300.twolf.spec_ref.eio.gz.out	0.498900
            301.apsi.spec_ref.eio.gz.out	2.007900
min = 0.1615
max = 2.7195
mean = 1.3093906976744187
median = 1.28
