         164.gzip.graphic-ref.eio.gz.out	2.209100
             164.gzip.log-ref.eio.gz.out	1.976700
         164.gzip.program-ref.eio.gz.out	2.056300
          164.gzip.random-ref.eio.gz.out	2.360500
          164.gzip.source-ref.eio.gz.out	2.060200
         168.wupwise.spec_ref.eio.gz.out	2.082500
            171.swim.spec_ref.eio.gz.out	1.301600
           172.mgrid.spec_ref.eio.gz.out	2.000200
           173.applu.spec_ref.eio.gz.out	1.360200
            175.vpr.route-ref.eio.gz.out	1.074400
           176.gcc.00-166-ref.eio.gz.out	2.222500
           176.gcc.00-200-ref.eio.gz.out	2.124000
          176.gcc.00-expr-ref.eio.gz.out	2.036000
     176.gcc.00-integrate-ref.eio.gz.out	2.321000
        176.gcc.00-scilab-ref.eio.gz.out	2.258200
            177.mesa.spec_ref.eio.gz.out	2.116000
          178.galgel.spec_ref.eio.gz.out	0.872200
              179.art.110-ref.eio.gz.out	0.751300
              179.art.470-ref.eio.gz.out	0.710700
             181.mcf.spec_ref.eio.gz.out	0.528500
          183.equake.spec_ref.eio.gz.out	0.989300
          186.crafty.spec_ref.eio.gz.out	1.957400
         187.facerec.spec_ref.eio.gz.out	1.911500
            188.ammp.spec_ref.eio.gz.out	1.230900
           189.lucas.spec_ref.eio.gz.out	1.526700
           191.fma3d.spec_ref.eio.gz.out	1.863200
          197.parser.spec_ref.eio.gz.out	1.790400
        200.sixtrack.spec_ref.eio.gz.out	2.090600
             252.eon.cook-ref.eio.gz.out	2.008600
           252.eon.kajiya-ref.eio.gz.out	2.074400
        252.eon.rushmeier-ref.eio.gz.out	2.059000
     253.perlbmk.diffmail-ref.eio.gz.out	1.966400
     253.perlbmk.makerand-ref.eio.gz.out	2.196800
      253.perlbmk.perfect-ref.eio.gz.out	2.309600
             254.gap.spec_ref.eio.gz.out	2.257900
           255.vortex.one-ref.eio.gz.out	1.996000
         255.vortex.three-ref.eio.gz.out	1.588200
           255.vortex.two-ref.eio.gz.out	1.980600
        256.bzip2.graphic-ref.eio.gz.out	2.825100
        256.bzip2.program-ref.eio.gz.out	2.396900
         256.bzip2.source-ref.eio.gz.out	2.375700
           300.twolf.spec_ref.eio.gz.out	1.227800
            301.apsi.spec_ref.eio.gz.out	2.406200
